python : INFO:     Will watch for changes in these directories: ['C:\\Users\\tomas\\Desktop\\proyecto-tasador\\Back']
En línea: 1 Carácter: 1
+ python -m uvicorn main:app --port 8080 --host 127.0.0.1 --reload --lo ...
+ ~~~~~~~~~~~~~~~~~~~~~~~~~~~~~~~~~~~~~~~~~~~~~~~~~~~~~~~~~~~~~~~~~~~~~
    + CategoryInfo          : NotSpecified: (INFO:     Will ...tasador\\Back']:String) [], RemoteException
    + FullyQualifiedErrorId : NativeCommandError
 
INFO:     Uvicorn running on http://127.0.0.1:8080 (Press CTRL+C to quit)
INFO:     Started reloader process [24412] using WatchFiles
INFO:     Started server process [23720]
INFO:     Waiting for application startup.
2026-07-14 14:50:58,810 - main - INFO - Iniciando pool de conexiones a PostgreSQL...
2026-07-14 14:50:58,924 - database - INFO - Pool de conexiones a PostgreSQL inicializado correctamente
2026-07-14 14:50:58,924 - main - INFO - Pool de conexiones inicializado correctamente
2026-07-14 14:50:58,942 - database - INFO - Conexi¾n exitosa a PostgreSQL. Versi¾n: PostgreSQL 18.4 on x86_64-windows, compiled by msvc-19.44.35227, 
64-bit
2026-07-14 14:50:58,943 - main - INFO - Conexi¾n a PostgreSQL verificada
2026-07-14 14:50:58,996 - main - INFO - Contadores sincronizados con IDs existentes
INFO:     Application startup complete.
2026-07-14 14:52:45,732 - watchfiles.main - INFO - 1 change detected
2026-07-14 14:52:46,117 - watchfiles.main - INFO - 1 change detected
2026-07-14 14:52:46,475 - watchfiles.main - INFO - 1 change detected
2026-07-14 14:52:46,829 - watchfiles.main - INFO - 1 change detected
2026-07-14 14:52:47,184 - watchfiles.main - INFO - 1 change detected
2026-07-14 14:52:47,585 - watchfiles.main - INFO - 1 change detected
2026-07-14 14:52:47,999 - watchfiles.main - INFO - 1 change detected
2026-07-14 14:52:48,364 - watchfiles.main - INFO - 1 change detected
2026-07-14 14:52:48,776 - watchfiles.main - INFO - 1 change detected
2026-07-14 14:52:49,184 - watchfiles.main - INFO - 1 change detected
2026-07-14 14:52:49,589 - watchfiles.main - INFO - 1 change detected
2026-07-14 14:52:49,997 - watchfiles.main - INFO - 1 change detected
2026-07-14 14:52:50,401 - watchfiles.main - INFO - 1 change detected
2026-07-14 14:52:50,807 - watchfiles.main - INFO - 1 change detected
2026-07-14 14:52:51,218 - watchfiles.main - INFO - 1 change detected
2026-07-14 14:52:51,620 - watchfiles.main - INFO - 1 change detected
2026-07-14 14:52:51,983 - watchfiles.main - INFO - 1 change detected
2026-07-14 14:52:52,399 - watchfiles.main - INFO - 1 change detected
2026-07-14 14:52:52,751 - watchfiles.main - INFO - 1 change detected
2026-07-14 14:52:53,112 - watchfiles.main - INFO - 1 change detected
2026-07-14 14:52:53,473 - watchfiles.main - INFO - 1 change detected
2026-07-14 14:52:53,831 - watchfiles.main - INFO - 1 change detected
2026-07-14 14:52:54,187 - watchfiles.main - INFO - 1 change detected
2026-07-14 14:52:54,544 - watchfiles.main - INFO - 1 change detected
2026-07-14 14:52:54,898 - watchfiles.main - INFO - 1 change detected
2026-07-14 14:52:55,354 - watchfiles.main - INFO - 1 change detected
2026-07-14 14:52:55,769 - watchfiles.main - INFO - 1 change detected
2026-07-14 14:52:56,123 - watchfiles.main - INFO - 1 change detected
2026-07-14 14:52:56,525 - watchfiles.main - INFO - 1 change detected
2026-07-14 14:52:56,978 - watchfiles.main - INFO - 1 change detected
2026-07-14 14:52:57,342 - watchfiles.main - INFO - 1 change detected
2026-07-14 14:52:57,699 - watchfiles.main - INFO - 1 change detected
2026-07-14 14:52:58,056 - watchfiles.main - INFO - 1 change detected
2026-07-14 14:52:58,466 - watchfiles.main - INFO - 1 change detected
2026-07-14 14:52:58,872 - watchfiles.main - INFO - 1 change detected
python : INFO:     Will watch for changes in these directories: ['C:\\Users\\tomas\\Desktop\\proyecto-tasador\\Back']
En línea: 1 Carácter: 1
+ python -m uvicorn main:app --port 8080 --host 127.0.0.1 --reload --lo ...
+ ~~~~~~~~~~~~~~~~~~~~~~~~~~~~~~~~~~~~~~~~~~~~~~~~~~~~~~~~~~~~~~~~~~~~~
    + CategoryInfo          : NotSpecified: (INFO:     Will ...tasador\\Back']:String) [], RemoteException
    + FullyQualifiedErrorId : NativeCommandError
 
INFO:     Uvicorn running on http://127.0.0.1:8080 (Press CTRL+C to quit)
INFO:     Started reloader process [22508] using WatchFiles
INFO:     Started server process [14160]
INFO:     Waiting for application startup.
2026-07-14 14:55:19,070 - main - INFO - Iniciando pool de conexiones a PostgreSQL...
2026-07-14 14:55:19,154 - database - INFO - Pool de conexiones a PostgreSQL inicializado correctamente
2026-07-14 14:55:19,154 - main - INFO - Pool de conexiones inicializado correctamente
2026-07-14 14:55:19,169 - database - INFO - Conexi¾n exitosa a PostgreSQL. Versi¾n: PostgreSQL 18.4 on x86_64-windows, compiled by msvc-19.44.35227, 
64-bit
2026-07-14 14:55:19,170 - main - INFO - Conexi¾n a PostgreSQL verificada
2026-07-14 14:55:19,220 - main - INFO - Contadores sincronizados con IDs existentes
INFO:     Application startup complete.
2026-07-14 14:55:39,519 - watchfiles.main - INFO - 1 change detected
2026-07-14 14:55:39,875 - watchfiles.main - INFO - 1 change detected
2026-07-14 14:55:40,232 - watchfiles.main - INFO - 1 change detected
2026-07-14 14:55:40,593 - watchfiles.main - INFO - 1 change detected
2026-07-14 14:55:40,950 - watchfiles.main - INFO - 1 change detected
2026-07-14 14:55:41,308 - watchfiles.main - INFO - 1 change detected
2026-07-14 14:55:41,667 - watchfiles.main - INFO - 1 change detected
2026-07-14 14:55:42,023 - watchfiles.main - INFO - 1 change detected
2026-07-14 14:55:42,435 - watchfiles.main - INFO - 1 change detected
2026-07-14 14:55:42,838 - watchfiles.main - INFO - 1 change detected
2026-07-14 14:55:43,204 - watchfiles.main - INFO - 1 change detected
2026-07-14 14:55:43,558 - watchfiles.main - INFO - 1 change detected
2026-07-14 14:55:43,913 - watchfiles.main - INFO - 1 change detected
2026-07-14 14:55:44,277 - watchfiles.main - INFO - 1 change detected
2026-07-14 14:55:44,631 - watchfiles.main - INFO - 1 change detected
2026-07-14 14:55:44,990 - watchfiles.main - INFO - 1 change detected
2026-07-14 14:55:45,350 - watchfiles.main - INFO - 1 change detected
2026-07-14 14:55:45,710 - watchfiles.main - INFO - 1 change detected
2026-07-14 14:55:46,068 - watchfiles.main - INFO - 1 change detected
2026-07-14 14:55:46,425 - watchfiles.main - INFO - 1 change detected
2026-07-14 14:55:46,784 - watchfiles.main - INFO - 1 change detected
2026-07-14 14:55:47,137 - watchfiles.main - INFO - 1 change detected
2026-07-14 14:55:47,500 - watchfiles.main - INFO - 1 change detected
2026-07-14 14:55:47,853 - watchfiles.main - INFO - 1 change detected
2026-07-14 14:55:48,215 - watchfiles.main - INFO - 1 change detected
2026-07-14 14:55:48,621 - watchfiles.main - INFO - 1 change detected
2026-07-14 14:55:49,033 - watchfiles.main - INFO - 1 change detected
2026-07-14 14:55:49,438 - watchfiles.main - INFO - 1 change detected
2026-07-14 14:55:49,846 - watchfiles.main - INFO - 1 change detected
2026-07-14 14:55:50,247 - watchfiles.main - INFO - 1 change detected
2026-07-14 14:55:50,663 - watchfiles.main - INFO - 1 change detected
2026-07-14 14:55:51,071 - watchfiles.main - INFO - 1 change detected
2026-07-14 14:55:51,430 - watchfiles.main - INFO - 1 change detected
2026-07-14 14:55:51,838 - watchfiles.main - INFO - 1 change detected
2026-07-14 14:55:52,245 - watchfiles.main - INFO - 1 change detected
2026-07-14 14:55:52,653 - watchfiles.main - INFO - 1 change detected
2026-07-14 14:55:53,055 - watchfiles.main - INFO - 1 change detected
2026-07-14 14:55:53,460 - watchfiles.main - INFO - 1 change detected
2026-07-14 14:55:53,866 - watchfiles.main - INFO - 1 change detected
2026-07-14 14:55:54,222 - watchfiles.main - INFO - 1 change detected
2026-07-14 14:55:54,582 - watchfiles.main - INFO - 1 change detected
2026-07-14 14:55:54,940 - watchfiles.main - INFO - 1 change detected
