INFO:     Will watch for changes in these directories: ['C:\\Users\\tomas\\Desktop\\proyecto-tasador\\Back']
INFO:     Uvicorn running on http://127.0.0.1:8080 (Press CTRL+C to quit)
INFO:     Started reloader process [7104] using WatchFiles
INFO:     Started server process [23424]
INFO:     Waiting for application startup.
2026-07-14 14:57:16,298 - main - INFO - Iniciando pool de conexiones a PostgreSQL...
2026-07-14 14:57:16,409 - database - INFO - Pool de conexiones a PostgreSQL inicializado correctamente
2026-07-14 14:57:16,410 - main - INFO - Pool de conexiones inicializado correctamente
2026-07-14 14:57:16,411 - database - INFO - Conexión exitosa a PostgreSQL. Versión: PostgreSQL 18.4 on x86_64-windows, compiled by msvc-19.44.35227, 64-bit
2026-07-14 14:57:16,413 - main - INFO - Conexión a PostgreSQL verificada
2026-07-14 14:57:16,437 - main - INFO - Contadores sincronizados con IDs existentes
INFO:     Application startup complete.
2026-07-14 14:57:22,989 - watchfiles.main - INFO - 1 change detected
2026-07-14 14:57:23,349 - watchfiles.main - INFO - 1 change detected
2026-07-14 14:57:23,707 - watchfiles.main - INFO - 1 change detected
2026-07-14 14:57:24,067 - watchfiles.main - INFO - 1 change detected
2026-07-14 14:57:24,421 - watchfiles.main - INFO - 1 change detected
2026-07-14 14:57:24,780 - watchfiles.main - INFO - 1 change detected
2026-07-14 14:57:25,137 - watchfiles.main - INFO - 1 change detected
2026-07-14 14:57:25,494 - watchfiles.main - INFO - 1 change detected
2026-07-14 14:57:25,846 - watchfiles.main - INFO - 1 change detected
2026-07-14 14:57:26,204 - watchfiles.main - INFO - 1 change detected
2026-07-14 14:57:26,569 - watchfiles.main - INFO - 1 change detected
2026-07-14 14:57:26,928 - watchfiles.main - INFO - 1 change detected
2026-07-14 14:57:27,287 - watchfiles.main - INFO - 1 change detected
2026-07-14 14:57:27,648 - watchfiles.main - INFO - 1 change detected
2026-07-14 14:57:28,007 - watchfiles.main - INFO - 1 change detected
2026-07-14 14:57:28,365 - watchfiles.main - INFO - 1 change detected
2026-07-14 14:57:28,726 - watchfiles.main - INFO - 1 change detected
2026-07-14 14:57:29,085 - watchfiles.main - INFO - 1 change detected
2026-07-14 14:57:29,445 - watchfiles.main - INFO - 1 change detected
2026-07-14 14:57:29,803 - watchfiles.main - INFO - 1 change detected
2026-07-14 14:57:30,161 - watchfiles.main - INFO - 1 change detected
2026-07-14 14:57:30,517 - watchfiles.main - INFO - 1 change detected
2026-07-14 14:57:30,874 - watchfiles.main - INFO - 1 change detected
2026-07-14 14:57:31,230 - watchfiles.main - INFO - 1 change detected
2026-07-14 14:57:31,587 - watchfiles.main - INFO - 1 change detected
2026-07-14 14:57:31,946 - watchfiles.main - INFO - 1 change detected
2026-07-14 14:57:32,304 - watchfiles.main - INFO - 1 change detected
2026-07-14 14:57:32,663 - watchfiles.main - INFO - 1 change detected
2026-07-14 14:57:33,023 - watchfiles.main - INFO - 1 change detected
2026-07-14 14:57:33,380 - watchfiles.main - INFO - 1 change detected
2026-07-14 14:57:33,737 - watchfiles.main - INFO - 1 change detected
2026-07-14 14:57:34,098 - watchfiles.main - INFO - 1 change detected
2026-07-14 14:57:34,454 - watchfiles.main - INFO - 1 change detected
2026-07-14 14:57:34,814 - watchfiles.main - INFO - 1 change detected
2026-07-14 14:57:35,172 - watchfiles.main - INFO - 1 change detected
2026-07-14 14:57:35,531 - watchfiles.main - INFO - 1 change detected
2026-07-14 14:57:35,889 - watchfiles.main - INFO - 1 change detected
2026-07-14 14:57:36,263 - watchfiles.main - INFO - 1 change detected
2026-07-14 14:57:36,623 - watchfiles.main - INFO - 1 change detected
2026-07-14 14:57:36,979 - watchfiles.main - INFO - 1 change detected
2026-07-14 14:57:37,337 - watchfiles.main - INFO - 1 change detected
2026-07-14 14:57:37,695 - watchfiles.main - INFO - 1 change detected
2026-07-14 14:57:38,053 - watchfiles.main - INFO - 1 change detected
2026-07-14 14:57:38,414 - watchfiles.main - INFO - 1 change detected
2026-07-14 14:57:38,772 - watchfiles.main - INFO - 1 change detected
2026-07-14 14:57:39,132 - watchfiles.main - INFO - 1 change detected
2026-07-14 14:57:39,488 - watchfiles.main - INFO - 1 change detected
2026-07-14 14:57:39,848 - watchfiles.main - INFO - 1 change detected
2026-07-14 14:57:40,206 - watchfiles.main - INFO - 1 change detected
2026-07-14 14:57:40,565 - watchfiles.main - INFO - 1 change detected
2026-07-14 14:57:40,926 - watchfiles.main - INFO - 1 change detected
2026-07-14 14:57:41,294 - watchfiles.main - INFO - 1 change detected
2026-07-14 14:57:41,648 - watchfiles.main - INFO - 1 change detected
2026-07-14 14:57:42,007 - watchfiles.main - INFO - 1 change detected
2026-07-14 14:57:42,360 - watchfiles.main - INFO - 1 change detected
2026-07-14 14:57:42,731 - watchfiles.main - INFO - 1 change detected
2026-07-14 14:57:43,086 - watchfiles.main - INFO - 1 change detected
2026-07-14 14:57:43,437 - watchfiles.main - INFO - 1 change detected
2026-07-14 14:57:43,796 - watchfiles.main - INFO - 1 change detected
2026-07-14 14:57:44,148 - watchfiles.main - INFO - 1 change detected
2026-07-14 14:57:44,506 - watchfiles.main - INFO - 1 change detected
2026-07-14 14:57:44,863 - watchfiles.main - INFO - 1 change detected
2026-07-14 14:57:45,224 - watchfiles.main - INFO - 1 change detected
2026-07-14 14:57:45,586 - watchfiles.main - INFO - 1 change detected
2026-07-14 14:57:45,947 - watchfiles.main - INFO - 1 change detected
2026-07-14 14:57:46,304 - watchfiles.main - INFO - 1 change detected
2026-07-14 14:57:46,655 - watchfiles.main - INFO - 1 change detected
2026-07-14 14:57:47,016 - watchfiles.main - INFO - 1 change detected
2026-07-14 14:57:47,378 - watchfiles.main - INFO - 1 change detected
2026-07-14 14:57:47,734 - watchfiles.main - INFO - 1 change detected
2026-07-14 14:57:48,094 - watchfiles.main - INFO - 1 change detected
2026-07-14 14:57:48,451 - watchfiles.main - INFO - 1 change detected
2026-07-14 14:57:48,809 - watchfiles.main - INFO - 1 change detected
2026-07-14 14:57:49,163 - watchfiles.main - INFO - 1 change detected
2026-07-14 14:57:49,522 - watchfiles.main - INFO - 1 change detected
2026-07-14 14:57:49,880 - watchfiles.main - INFO - 1 change detected
2026-07-14 14:57:50,240 - watchfiles.main - INFO - 1 change detected
2026-07-14 14:57:50,593 - watchfiles.main - INFO - 1 change detected
2026-07-14 14:57:50,954 - watchfiles.main - INFO - 1 change detected
2026-07-14 14:57:51,313 - watchfiles.main - INFO - 1 change detected
2026-07-14 14:57:51,671 - watchfiles.main - INFO - 1 change detected
2026-07-14 14:57:52,037 - watchfiles.main - INFO - 1 change detected
2026-07-14 14:57:52,396 - watchfiles.main - INFO - 1 change detected
2026-07-14 14:57:52,755 - watchfiles.main - INFO - 1 change detected
2026-07-14 14:57:53,116 - watchfiles.main - INFO - 1 change detected
2026-07-14 14:57:53,473 - watchfiles.main - INFO - 1 change detected
2026-07-14 14:57:53,836 - watchfiles.main - INFO - 1 change detected
2026-07-14 14:57:54,194 - watchfiles.main - INFO - 1 change detected
2026-07-14 14:57:54,554 - watchfiles.main - INFO - 1 change detected
2026-07-14 14:57:54,914 - watchfiles.main - INFO - 1 change detected
2026-07-14 14:57:55,269 - watchfiles.main - INFO - 1 change detected
2026-07-14 14:57:55,627 - watchfiles.main - INFO - 1 change detected
2026-07-14 14:57:55,987 - watchfiles.main - INFO - 1 change detected
2026-07-14 14:57:56,346 - watchfiles.main - INFO - 1 change detected
2026-07-14 14:57:56,697 - watchfiles.main - INFO - 1 change detected
2026-07-14 14:57:57,054 - watchfiles.main - INFO - 1 change detected
2026-07-14 14:57:57,413 - watchfiles.main - INFO - 1 change detected
2026-07-14 14:57:57,771 - watchfiles.main - INFO - 1 change detected
2026-07-14 14:57:58,135 - watchfiles.main - INFO - 1 change detected
2026-07-14 14:57:58,494 - watchfiles.main - INFO - 1 change detected
2026-07-14 14:57:58,863 - watchfiles.main - INFO - 1 change detected
2026-07-14 14:57:59,226 - watchfiles.main - INFO - 1 change detected
2026-07-14 14:57:59,617 - watchfiles.main - INFO - 1 change detected
2026-07-14 14:57:59,976 - watchfiles.main - INFO - 1 change detected
2026-07-14 14:58:00,336 - watchfiles.main - INFO - 1 change detected
2026-07-14 14:58:00,696 - watchfiles.main - INFO - 1 change detected
2026-07-14 14:58:01,053 - watchfiles.main - INFO - 1 change detected
2026-07-14 14:58:01,412 - watchfiles.main - INFO - 1 change detected
2026-07-14 14:58:01,770 - watchfiles.main - INFO - 1 change detected
2026-07-14 14:58:02,130 - watchfiles.main - INFO - 1 change detected
2026-07-14 14:58:02,488 - watchfiles.main - INFO - 1 change detected
2026-07-14 14:58:02,848 - watchfiles.main - INFO - 1 change detected
2026-07-14 14:58:03,205 - watchfiles.main - INFO - 1 change detected
2026-07-14 14:58:03,564 - watchfiles.main - INFO - 1 change detected
2026-07-14 14:58:03,924 - watchfiles.main - INFO - 1 change detected
2026-07-14 14:58:04,282 - watchfiles.main - INFO - 1 change detected
2026-07-14 14:58:04,640 - watchfiles.main - INFO - 1 change detected
2026-07-14 14:58:04,996 - watchfiles.main - INFO - 1 change detected
2026-07-14 14:58:05,355 - watchfiles.main - INFO - 1 change detected
2026-07-14 14:58:05,713 - watchfiles.main - INFO - 1 change detected
2026-07-14 14:58:06,079 - watchfiles.main - INFO - 1 change detected
2026-07-14 14:58:06,439 - watchfiles.main - INFO - 1 change detected
2026-07-14 14:58:06,796 - watchfiles.main - INFO - 1 change detected
2026-07-14 14:58:07,154 - watchfiles.main - INFO - 1 change detected
2026-07-14 14:58:07,514 - watchfiles.main - INFO - 1 change detected
2026-07-14 14:58:07,870 - watchfiles.main - INFO - 1 change detected
2026-07-14 14:58:08,228 - watchfiles.main - INFO - 1 change detected
2026-07-14 14:58:08,589 - watchfiles.main - INFO - 1 change detected
2026-07-14 14:58:08,945 - watchfiles.main - INFO - 1 change detected
2026-07-14 14:58:09,302 - watchfiles.main - INFO - 1 change detected
2026-07-14 14:58:09,658 - watchfiles.main - INFO - 1 change detected
2026-07-14 14:58:10,012 - watchfiles.main - INFO - 1 change detected
2026-07-14 14:58:10,370 - watchfiles.main - INFO - 1 change detected
2026-07-14 14:58:10,729 - watchfiles.main - INFO - 1 change detected
2026-07-14 14:58:11,087 - watchfiles.main - INFO - 1 change detected
2026-07-14 14:58:11,448 - watchfiles.main - INFO - 1 change detected
2026-07-14 14:58:11,808 - watchfiles.main - INFO - 1 change detected
2026-07-14 14:58:12,165 - watchfiles.main - INFO - 1 change detected
2026-07-14 14:58:12,522 - watchfiles.main - INFO - 1 change detected
2026-07-14 14:58:12,878 - watchfiles.main - INFO - 1 change detected
2026-07-14 14:58:13,236 - watchfiles.main - INFO - 1 change detected
2026-07-14 14:58:13,592 - watchfiles.main - INFO - 1 change detected
2026-07-14 14:58:13,951 - watchfiles.main - INFO - 1 change detected
2026-07-14 14:58:14,307 - watchfiles.main - INFO - 1 change detected
2026-07-14 14:58:14,666 - watchfiles.main - INFO - 1 change detected
2026-07-14 14:58:15,021 - watchfiles.main - INFO - 1 change detected
2026-07-14 14:58:15,387 - watchfiles.main - INFO - 1 change detected
2026-07-14 14:58:15,738 - watchfiles.main - INFO - 1 change detected
2026-07-14 14:58:16,096 - watchfiles.main - INFO - 1 change detected
2026-07-14 14:58:16,455 - watchfiles.main - INFO - 1 change detected
2026-07-14 14:58:16,817 - watchfiles.main - INFO - 1 change detected
2026-07-14 14:58:17,178 - watchfiles.main - INFO - 1 change detected
2026-07-14 14:58:17,539 - watchfiles.main - INFO - 1 change detected
2026-07-14 14:58:17,895 - watchfiles.main - INFO - 1 change detected
2026-07-14 14:58:18,254 - watchfiles.main - INFO - 1 change detected
2026-07-14 14:58:18,613 - watchfiles.main - INFO - 1 change detected
2026-07-14 14:58:18,970 - watchfiles.main - INFO - 1 change detected
2026-07-14 14:58:19,328 - watchfiles.main - INFO - 1 change detected
2026-07-14 14:58:19,682 - watchfiles.main - INFO - 1 change detected
2026-07-14 14:58:20,039 - watchfiles.main - INFO - 1 change detected
2026-07-14 14:58:20,393 - watchfiles.main - INFO - 1 change detected
2026-07-14 14:58:20,750 - watchfiles.main - INFO - 1 change detected
2026-07-14 14:58:21,104 - watchfiles.main - INFO - 1 change detected
2026-07-14 14:58:21,462 - watchfiles.main - INFO - 1 change detected
2026-07-14 14:58:21,821 - watchfiles.main - INFO - 1 change detected
2026-07-14 14:58:22,178 - watchfiles.main - INFO - 1 change detected
2026-07-14 14:58:22,530 - watchfiles.main - INFO - 1 change detected
2026-07-14 14:58:22,888 - watchfiles.main - INFO - 1 change detected
2026-07-14 14:58:23,239 - watchfiles.main - INFO - 1 change detected
2026-07-14 14:58:23,597 - watchfiles.main - INFO - 1 change detected
2026-07-14 14:58:23,953 - watchfiles.main - INFO - 1 change detected
2026-07-14 14:58:24,313 - watchfiles.main - INFO - 1 change detected
2026-07-14 14:58:24,671 - watchfiles.main - INFO - 1 change detected
2026-07-14 14:58:25,022 - watchfiles.main - INFO - 1 change detected
2026-07-14 14:58:25,386 - watchfiles.main - INFO - 1 change detected
2026-07-14 14:58:25,737 - watchfiles.main - INFO - 1 change detected
2026-07-14 14:58:26,099 - watchfiles.main - INFO - 1 change detected
2026-07-14 14:58:26,460 - watchfiles.main - INFO - 1 change detected
2026-07-14 14:58:26,822 - watchfiles.main - INFO - 1 change detected
2026-07-14 14:58:27,188 - watchfiles.main - INFO - 1 change detected
2026-07-14 14:58:27,554 - watchfiles.main - INFO - 1 change detected
2026-07-14 14:58:27,911 - watchfiles.main - INFO - 1 change detected
2026-07-14 14:58:28,271 - watchfiles.main - INFO - 1 change detected
2026-07-14 14:58:28,629 - watchfiles.main - INFO - 1 change detected
2026-07-14 14:58:28,983 - watchfiles.main - INFO - 1 change detected
2026-07-14 14:58:29,342 - watchfiles.main - INFO - 1 change detected
2026-07-14 14:58:29,695 - watchfiles.main - INFO - 1 change detected
2026-07-14 14:58:30,052 - watchfiles.main - INFO - 1 change detected
2026-07-14 14:58:30,407 - watchfiles.main - INFO - 1 change detected
2026-07-14 14:58:30,764 - watchfiles.main - INFO - 1 change detected
2026-07-14 14:58:31,122 - watchfiles.main - INFO - 1 change detected
2026-07-14 14:58:31,480 - watchfiles.main - INFO - 1 change detected
2026-07-14 14:58:31,835 - watchfiles.main - INFO - 1 change detected
2026-07-14 14:58:32,194 - watchfiles.main - INFO - 1 change detected
2026-07-14 14:58:32,553 - watchfiles.main - INFO - 1 change detected
2026-07-14 14:58:32,909 - watchfiles.main - INFO - 1 change detected
2026-07-14 14:58:33,264 - watchfiles.main - INFO - 1 change detected
2026-07-14 14:58:33,622 - watchfiles.main - INFO - 1 change detected
2026-07-14 14:58:33,980 - watchfiles.main - INFO - 1 change detected
2026-07-14 14:58:34,335 - watchfiles.main - INFO - 1 change detected
2026-07-14 14:58:34,693 - watchfiles.main - INFO - 1 change detected
2026-07-14 14:58:35,047 - watchfiles.main - INFO - 1 change detected
2026-07-14 14:58:35,406 - watchfiles.main - INFO - 1 change detected
2026-07-14 14:58:35,767 - watchfiles.main - INFO - 1 change detected
2026-07-14 14:58:36,127 - watchfiles.main - INFO - 1 change detected
2026-07-14 14:58:36,482 - watchfiles.main - INFO - 1 change detected
2026-07-14 14:58:36,838 - watchfiles.main - INFO - 1 change detected
2026-07-14 14:58:37,199 - watchfiles.main - INFO - 1 change detected
2026-07-14 14:58:37,555 - watchfiles.main - INFO - 1 change detected
2026-07-14 14:58:37,913 - watchfiles.main - INFO - 1 change detected
2026-07-14 14:58:38,271 - watchfiles.main - INFO - 1 change detected
2026-07-14 14:58:38,629 - watchfiles.main - INFO - 1 change detected
2026-07-14 14:58:38,982 - watchfiles.main - INFO - 1 change detected
2026-07-14 14:58:39,337 - watchfiles.main - INFO - 1 change detected
2026-07-14 14:58:39,702 - watchfiles.main - INFO - 1 change detected
2026-07-14 14:58:40,069 - watchfiles.main - INFO - 1 change detected
2026-07-14 14:58:40,421 - watchfiles.main - INFO - 1 change detected
2026-07-14 14:58:40,781 - watchfiles.main - INFO - 1 change detected
2026-07-14 14:58:41,133 - watchfiles.main - INFO - 1 change detected
2026-07-14 14:58:41,491 - watchfiles.main - INFO - 1 change detected
2026-07-14 14:58:41,851 - watchfiles.main - INFO - 1 change detected
2026-07-14 14:58:42,208 - watchfiles.main - INFO - 1 change detected
2026-07-14 14:58:42,563 - watchfiles.main - INFO - 1 change detected
2026-07-14 14:58:42,920 - watchfiles.main - INFO - 1 change detected
2026-07-14 14:58:43,281 - watchfiles.main - INFO - 1 change detected
2026-07-14 14:58:43,644 - watchfiles.main - INFO - 1 change detected
2026-07-14 14:58:43,996 - watchfiles.main - INFO - 1 change detected
2026-07-14 14:58:44,348 - watchfiles.main - INFO - 1 change detected
2026-07-14 14:58:44,706 - watchfiles.main - INFO - 1 change detected
2026-07-14 14:58:45,070 - watchfiles.main - INFO - 1 change detected
2026-07-14 14:58:45,430 - watchfiles.main - INFO - 1 change detected
2026-07-14 14:58:45,788 - watchfiles.main - INFO - 1 change detected
2026-07-14 14:58:46,148 - watchfiles.main - INFO - 1 change detected
2026-07-14 14:58:46,523 - watchfiles.main - INFO - 1 change detected
2026-07-14 14:58:46,879 - watchfiles.main - INFO - 1 change detected
2026-07-14 14:58:47,235 - watchfiles.main - INFO - 1 change detected
2026-07-14 14:58:47,588 - watchfiles.main - INFO - 1 change detected
2026-07-14 14:58:47,946 - watchfiles.main - INFO - 1 change detected
2026-07-14 14:58:48,313 - watchfiles.main - INFO - 1 change detected
2026-07-14 14:58:48,671 - watchfiles.main - INFO - 1 change detected
2026-07-14 14:58:49,024 - watchfiles.main - INFO - 1 change detected
2026-07-14 14:58:49,382 - watchfiles.main - INFO - 1 change detected
2026-07-14 14:58:49,739 - watchfiles.main - INFO - 1 change detected
2026-07-14 14:58:50,096 - watchfiles.main - INFO - 1 change detected
2026-07-14 14:58:50,457 - watchfiles.main - INFO - 1 change detected
2026-07-14 14:58:50,817 - watchfiles.main - INFO - 1 change detected
2026-07-14 14:58:51,176 - watchfiles.main - INFO - 1 change detected
2026-07-14 14:58:51,532 - watchfiles.main - INFO - 1 change detected
2026-07-14 14:58:51,886 - watchfiles.main - INFO - 1 change detected
2026-07-14 14:58:52,243 - watchfiles.main - INFO - 1 change detected
2026-07-14 14:58:52,601 - watchfiles.main - INFO - 1 change detected
2026-07-14 14:58:52,959 - watchfiles.main - INFO - 1 change detected
2026-07-14 14:58:53,318 - watchfiles.main - INFO - 1 change detected
2026-07-14 14:58:53,674 - watchfiles.main - INFO - 1 change detected
2026-07-14 14:58:54,032 - watchfiles.main - INFO - 1 change detected
2026-07-14 14:58:54,390 - watchfiles.main - INFO - 1 change detected
2026-07-14 14:58:54,755 - watchfiles.main - INFO - 1 change detected
2026-07-14 14:58:55,114 - watchfiles.main - INFO - 1 change detected
2026-07-14 14:58:55,472 - watchfiles.main - INFO - 1 change detected
2026-07-14 14:58:55,830 - watchfiles.main - INFO - 1 change detected
2026-07-14 14:58:56,196 - watchfiles.main - INFO - 1 change detected
2026-07-14 14:58:56,548 - watchfiles.main - INFO - 1 change detected
2026-07-14 14:58:56,902 - watchfiles.main - INFO - 1 change detected
2026-07-14 14:58:57,256 - watchfiles.main - INFO - 1 change detected
2026-07-14 14:58:57,614 - watchfiles.main - INFO - 1 change detected
2026-07-14 14:58:57,980 - watchfiles.main - INFO - 1 change detected
2026-07-14 14:58:58,336 - watchfiles.main - INFO - 1 change detected
2026-07-14 14:58:58,703 - watchfiles.main - INFO - 1 change detected
2026-07-14 14:58:59,069 - watchfiles.main - INFO - 1 change detected
2026-07-14 14:58:59,425 - watchfiles.main - INFO - 1 change detected
2026-07-14 14:58:59,783 - watchfiles.main - INFO - 1 change detected
2026-07-14 14:59:00,140 - watchfiles.main - INFO - 1 change detected
2026-07-14 14:59:00,281 - main - INFO - Iniciando endpoint_tasar - tipo: casa
2026-07-14 14:59:00,289 - tasador_casas - INFO - Iniciando tasar_casa - Dirección: Casa Test 123
2026-07-14 14:59:00,308 - main - INFO - Iniciando endpoint_tasar - tipo: departamento
2026-07-14 14:59:00,310 - tasador_departamentos - INFO - Iniciando tasar_departamento - Dirección: Depto Test 456
2026-07-14 14:59:00,317 - main - INFO - Iniciando endpoint_tasar - tipo: lote
2026-07-14 14:59:00,319 - tasador_lotes - INFO - Iniciando tasar_lote
2026-07-14 14:59:00,320 - tasador_lotes - INFO - Cantidad de comparables: 1
2026-07-14 14:59:00,500 - watchfiles.main - INFO - 2 changes detected
2026-07-14 14:59:00,859 - watchfiles.main - INFO - 1 change detected
2026-07-14 14:59:01,212 - watchfiles.main - INFO - 1 change detected
2026-07-14 14:59:01,572 - watchfiles.main - INFO - 1 change detected
2026-07-14 14:59:01,940 - watchfiles.main - INFO - 1 change detected
2026-07-14 14:59:02,296 - watchfiles.main - INFO - 1 change detected
2026-07-14 14:59:02,652 - watchfiles.main - INFO - 1 change detected
2026-07-14 14:59:03,005 - watchfiles.main - INFO - 1 change detected
2026-07-14 14:59:03,365 - watchfiles.main - INFO - 1 change detected
2026-07-14 14:59:03,722 - watchfiles.main - INFO - 1 change detected
2026-07-14 14:59:04,082 - watchfiles.main - INFO - 1 change detected
2026-07-14 14:59:04,440 - watchfiles.main - INFO - 1 change detected
2026-07-14 14:59:04,811 - watchfiles.main - INFO - 1 change detected
2026-07-14 14:59:05,171 - watchfiles.main - INFO - 1 change detected
2026-07-14 14:59:05,532 - watchfiles.main - INFO - 1 change detected
2026-07-14 14:59:05,896 - watchfiles.main - INFO - 1 change detected
2026-07-14 14:59:06,254 - watchfiles.main - INFO - 1 change detected
2026-07-14 14:59:06,609 - watchfiles.main - INFO - 1 change detected
2026-07-14 14:59:06,972 - watchfiles.main - INFO - 1 change detected
2026-07-14 14:59:07,330 - watchfiles.main - INFO - 1 change detected
2026-07-14 14:59:07,688 - watchfiles.main - INFO - 1 change detected
2026-07-14 14:59:08,046 - watchfiles.main - INFO - 1 change detected
2026-07-14 14:59:08,404 - watchfiles.main - INFO - 1 change detected
2026-07-14 14:59:08,756 - watchfiles.main - INFO - 1 change detected
2026-07-14 14:59:09,107 - watchfiles.main - INFO - 1 change detected
2026-07-14 14:59:09,467 - watchfiles.main - INFO - 1 change detected
2026-07-14 14:59:09,823 - watchfiles.main - INFO - 1 change detected
2026-07-14 14:59:10,182 - watchfiles.main - INFO - 1 change detected
2026-07-14 14:59:10,538 - watchfiles.main - INFO - 1 change detected
2026-07-14 14:59:10,895 - watchfiles.main - INFO - 1 change detected
2026-07-14 14:59:11,260 - watchfiles.main - INFO - 1 change detected
2026-07-14 14:59:11,615 - watchfiles.main - INFO - 1 change detected
2026-07-14 14:59:11,972 - watchfiles.main - INFO - 1 change detected
2026-07-14 14:59:12,328 - watchfiles.main - INFO - 1 change detected
2026-07-14 14:59:12,684 - watchfiles.main - INFO - 1 change detected
2026-07-14 14:59:13,036 - watchfiles.main - INFO - 1 change detected
2026-07-14 14:59:13,388 - watchfiles.main - INFO - 1 change detected
2026-07-14 14:59:13,746 - watchfiles.main - INFO - 1 change detected
2026-07-14 14:59:14,104 - watchfiles.main - INFO - 1 change detected
2026-07-14 14:59:14,463 - watchfiles.main - INFO - 1 change detected
2026-07-14 14:59:14,819 - watchfiles.main - INFO - 1 change detected
2026-07-14 14:59:15,179 - watchfiles.main - INFO - 1 change detected
2026-07-14 14:59:15,540 - watchfiles.main - INFO - 1 change detected
2026-07-14 14:59:15,896 - watchfiles.main - INFO - 1 change detected
2026-07-14 14:59:16,256 - watchfiles.main - INFO - 1 change detected
2026-07-14 14:59:16,612 - watchfiles.main - INFO - 1 change detected
2026-07-14 14:59:16,966 - watchfiles.main - INFO - 1 change detected
2026-07-14 14:59:17,322 - watchfiles.main - INFO - 1 change detected
2026-07-14 14:59:17,677 - watchfiles.main - INFO - 1 change detected
2026-07-14 14:59:18,037 - watchfiles.main - INFO - 1 change detected
2026-07-14 14:59:18,391 - watchfiles.main - INFO - 1 change detected
2026-07-14 14:59:18,747 - watchfiles.main - INFO - 1 change detected
2026-07-14 14:59:19,102 - watchfiles.main - INFO - 1 change detected
2026-07-14 14:59:19,460 - watchfiles.main - INFO - 1 change detected
2026-07-14 14:59:19,827 - watchfiles.main - INFO - 1 change detected
2026-07-14 14:59:20,182 - watchfiles.main - INFO - 1 change detected
2026-07-14 14:59:20,541 - watchfiles.main - INFO - 1 change detected
2026-07-14 14:59:20,900 - watchfiles.main - INFO - 1 change detected
2026-07-14 14:59:21,260 - watchfiles.main - INFO - 1 change detected
2026-07-14 14:59:21,618 - watchfiles.main - INFO - 1 change detected
2026-07-14 14:59:21,978 - watchfiles.main - INFO - 1 change detected
2026-07-14 14:59:22,335 - watchfiles.main - INFO - 1 change detected
2026-07-14 14:59:22,692 - watchfiles.main - INFO - 1 change detected
2026-07-14 14:59:23,203 - watchfiles.main - INFO - 1 change detected
2026-07-14 14:59:23,564 - watchfiles.main - INFO - 1 change detected
2026-07-14 14:59:23,921 - watchfiles.main - INFO - 1 change detected
2026-07-14 14:59:24,282 - watchfiles.main - INFO - 1 change detected
2026-07-14 14:59:24,639 - watchfiles.main - INFO - 1 change detected
2026-07-14 14:59:24,991 - watchfiles.main - INFO - 1 change detected
2026-07-14 14:59:25,346 - watchfiles.main - INFO - 1 change detected
2026-07-14 14:59:25,701 - watchfiles.main - INFO - 1 change detected
2026-07-14 14:59:26,059 - watchfiles.main - INFO - 1 change detected
2026-07-14 14:59:26,415 - watchfiles.main - INFO - 1 change detected
2026-07-14 14:59:26,769 - watchfiles.main - INFO - 1 change detected
2026-07-14 14:59:27,125 - watchfiles.main - INFO - 1 change detected
2026-07-14 14:59:27,483 - watchfiles.main - INFO - 1 change detected
2026-07-14 14:59:27,836 - watchfiles.main - INFO - 1 change detected
2026-07-14 14:59:28,193 - watchfiles.main - INFO - 1 change detected
2026-07-14 14:59:28,560 - watchfiles.main - INFO - 1 change detected
2026-07-14 14:59:28,916 - watchfiles.main - INFO - 1 change detected
2026-07-14 14:59:29,274 - watchfiles.main - INFO - 1 change detected
2026-07-14 14:59:29,640 - watchfiles.main - INFO - 1 change detected
2026-07-14 14:59:29,996 - watchfiles.main - INFO - 1 change detected
2026-07-14 14:59:30,354 - watchfiles.main - INFO - 1 change detected
2026-07-14 14:59:30,713 - watchfiles.main - INFO - 1 change detected
2026-07-14 14:59:31,073 - watchfiles.main - INFO - 1 change detected
2026-07-14 14:59:31,428 - watchfiles.main - INFO - 1 change detected
2026-07-14 14:59:31,785 - watchfiles.main - INFO - 1 change detected
2026-07-14 14:59:32,141 - watchfiles.main - INFO - 1 change detected
2026-07-14 14:59:32,508 - watchfiles.main - INFO - 1 change detected
2026-07-14 14:59:32,863 - watchfiles.main - INFO - 1 change detected
2026-07-14 14:59:33,222 - watchfiles.main - INFO - 1 change detected
2026-07-14 14:59:33,586 - watchfiles.main - INFO - 1 change detected
2026-07-14 14:59:33,945 - watchfiles.main - INFO - 1 change detected
2026-07-14 14:59:34,304 - watchfiles.main - INFO - 1 change detected
2026-07-14 14:59:34,666 - watchfiles.main - INFO - 1 change detected
2026-07-14 14:59:35,029 - watchfiles.main - INFO - 1 change detected
2026-07-14 14:59:35,383 - watchfiles.main - INFO - 1 change detected
2026-07-14 14:59:35,741 - watchfiles.main - INFO - 1 change detected
2026-07-14 14:59:36,100 - watchfiles.main - INFO - 1 change detected
2026-07-14 14:59:36,458 - watchfiles.main - INFO - 1 change detected
2026-07-14 14:59:36,813 - watchfiles.main - INFO - 1 change detected
2026-07-14 14:59:37,175 - watchfiles.main - INFO - 1 change detected
2026-07-14 14:59:37,537 - watchfiles.main - INFO - 1 change detected
2026-07-14 14:59:37,895 - watchfiles.main - INFO - 1 change detected
2026-07-14 14:59:38,254 - watchfiles.main - INFO - 1 change detected
2026-07-14 14:59:38,614 - watchfiles.main - INFO - 1 change detected
2026-07-14 14:59:38,967 - watchfiles.main - INFO - 1 change detected
2026-07-14 14:59:39,321 - watchfiles.main - INFO - 1 change detected
2026-07-14 14:59:39,676 - watchfiles.main - INFO - 1 change detected
2026-07-14 14:59:40,036 - watchfiles.main - INFO - 1 change detected
2026-07-14 14:59:40,392 - watchfiles.main - INFO - 1 change detected
2026-07-14 14:59:40,749 - watchfiles.main - INFO - 1 change detected
2026-07-14 14:59:41,105 - watchfiles.main - INFO - 1 change detected
2026-07-14 14:59:41,463 - watchfiles.main - INFO - 1 change detected
2026-07-14 14:59:41,822 - watchfiles.main - INFO - 1 change detected
2026-07-14 14:59:42,178 - watchfiles.main - INFO - 1 change detected
2026-07-14 14:59:42,539 - watchfiles.main - INFO - 1 change detected
2026-07-14 14:59:42,898 - watchfiles.main - INFO - 1 change detected
2026-07-14 14:59:43,253 - watchfiles.main - INFO - 1 change detected
2026-07-14 14:59:43,613 - watchfiles.main - INFO - 1 change detected
2026-07-14 14:59:43,971 - watchfiles.main - INFO - 1 change detected
2026-07-14 14:59:44,328 - watchfiles.main - INFO - 1 change detected
2026-07-14 14:59:44,686 - watchfiles.main - INFO - 1 change detected
2026-07-14 14:59:45,043 - watchfiles.main - INFO - 1 change detected
2026-07-14 14:59:45,401 - watchfiles.main - INFO - 1 change detected
2026-07-14 14:59:45,760 - watchfiles.main - INFO - 1 change detected
2026-07-14 14:59:46,117 - watchfiles.main - INFO - 1 change detected
2026-07-14 14:59:46,475 - watchfiles.main - INFO - 1 change detected
2026-07-14 14:59:46,837 - watchfiles.main - INFO - 1 change detected
2026-07-14 14:59:47,193 - watchfiles.main - INFO - 1 change detected
2026-07-14 14:59:47,555 - watchfiles.main - INFO - 1 change detected
2026-07-14 14:59:47,914 - watchfiles.main - INFO - 1 change detected
2026-07-14 14:59:48,273 - watchfiles.main - INFO - 1 change detected
2026-07-14 14:59:48,631 - watchfiles.main - INFO - 1 change detected
2026-07-14 14:59:48,990 - watchfiles.main - INFO - 1 change detected
2026-07-14 14:59:49,343 - watchfiles.main - INFO - 1 change detected
2026-07-14 14:59:49,696 - watchfiles.main - INFO - 1 change detected
2026-07-14 14:59:50,055 - watchfiles.main - INFO - 1 change detected
2026-07-14 14:59:50,412 - watchfiles.main - INFO - 1 change detected
2026-07-14 14:59:50,777 - watchfiles.main - INFO - 1 change detected
2026-07-14 14:59:51,134 - watchfiles.main - INFO - 1 change detected
2026-07-14 14:59:51,493 - watchfiles.main - INFO - 1 change detected
2026-07-14 14:59:51,851 - watchfiles.main - INFO - 1 change detected
2026-07-14 14:59:52,214 - watchfiles.main - INFO - 1 change detected
2026-07-14 14:59:52,586 - watchfiles.main - INFO - 1 change detected
2026-07-14 14:59:52,944 - watchfiles.main - INFO - 1 change detected
2026-07-14 14:59:53,302 - watchfiles.main - INFO - 1 change detected
2026-07-14 14:59:53,659 - watchfiles.main - INFO - 1 change detected
2026-07-14 14:59:54,017 - watchfiles.main - INFO - 1 change detected
2026-07-14 14:59:54,376 - watchfiles.main - INFO - 1 change detected
2026-07-14 14:59:54,734 - watchfiles.main - INFO - 1 change detected
2026-07-14 14:59:55,095 - watchfiles.main - INFO - 1 change detected
2026-07-14 14:59:55,454 - watchfiles.main - INFO - 1 change detected
2026-07-14 14:59:55,811 - watchfiles.main - INFO - 1 change detected
2026-07-14 14:59:56,171 - watchfiles.main - INFO - 1 change detected
2026-07-14 14:59:56,531 - watchfiles.main - INFO - 1 change detected
2026-07-14 14:59:56,886 - watchfiles.main - INFO - 1 change detected
2026-07-14 14:59:57,245 - watchfiles.main - INFO - 1 change detected
2026-07-14 14:59:57,607 - watchfiles.main - INFO - 1 change detected
2026-07-14 14:59:57,965 - watchfiles.main - INFO - 1 change detected
2026-07-14 14:59:58,316 - watchfiles.main - INFO - 1 change detected
2026-07-14 14:59:58,671 - watchfiles.main - INFO - 1 change detected
2026-07-14 14:59:59,030 - watchfiles.main - INFO - 1 change detected
2026-07-14 14:59:59,388 - watchfiles.main - INFO - 1 change detected
2026-07-14 14:59:59,741 - watchfiles.main - INFO - 1 change detected
2026-07-14 15:00:00,104 - watchfiles.main - INFO - 1 change detected
2026-07-14 15:00:00,467 - watchfiles.main - INFO - 1 change detected
2026-07-14 15:00:00,829 - watchfiles.main - INFO - 1 change detected
2026-07-14 15:00:01,188 - watchfiles.main - INFO - 1 change detected
2026-07-14 15:00:01,545 - watchfiles.main - INFO - 1 change detected
2026-07-14 15:00:01,901 - watchfiles.main - INFO - 1 change detected
2026-07-14 15:00:02,257 - watchfiles.main - INFO - 1 change detected
2026-07-14 15:00:02,614 - watchfiles.main - INFO - 1 change detected
2026-07-14 15:00:02,969 - watchfiles.main - INFO - 1 change detected
2026-07-14 15:00:03,325 - watchfiles.main - INFO - 1 change detected
2026-07-14 15:00:03,685 - watchfiles.main - INFO - 1 change detected
2026-07-14 15:00:04,039 - watchfiles.main - INFO - 1 change detected
2026-07-14 15:00:04,398 - watchfiles.main - INFO - 1 change detected
2026-07-14 15:00:04,756 - watchfiles.main - INFO - 1 change detected
2026-07-14 15:00:05,112 - watchfiles.main - INFO - 1 change detected
2026-07-14 15:00:05,472 - watchfiles.main - INFO - 1 change detected
2026-07-14 15:00:05,831 - watchfiles.main - INFO - 1 change detected
2026-07-14 15:00:06,197 - watchfiles.main - INFO - 1 change detected
2026-07-14 15:00:06,556 - watchfiles.main - INFO - 1 change detected
2026-07-14 15:00:06,915 - watchfiles.main - INFO - 1 change detected
2026-07-14 15:00:07,273 - watchfiles.main - INFO - 1 change detected
2026-07-14 15:00:07,630 - watchfiles.main - INFO - 1 change detected
2026-07-14 15:00:07,982 - watchfiles.main - INFO - 1 change detected
2026-07-14 15:00:08,339 - watchfiles.main - INFO - 1 change detected
2026-07-14 15:00:08,692 - watchfiles.main - INFO - 1 change detected
2026-07-14 15:00:09,054 - watchfiles.main - INFO - 1 change detected
2026-07-14 15:00:09,407 - watchfiles.main - INFO - 1 change detected
2026-07-14 15:00:09,763 - watchfiles.main - INFO - 1 change detected
2026-07-14 15:00:10,118 - watchfiles.main - INFO - 1 change detected
2026-07-14 15:00:10,476 - watchfiles.main - INFO - 1 change detected
2026-07-14 15:00:10,834 - watchfiles.main - INFO - 1 change detected
2026-07-14 15:00:11,193 - watchfiles.main - INFO - 1 change detected
2026-07-14 15:00:11,554 - watchfiles.main - INFO - 1 change detected
2026-07-14 15:00:11,910 - watchfiles.main - INFO - 1 change detected
2026-07-14 15:00:12,269 - watchfiles.main - INFO - 1 change detected
2026-07-14 15:00:12,626 - watchfiles.main - INFO - 1 change detected
2026-07-14 15:00:12,983 - watchfiles.main - INFO - 1 change detected
2026-07-14 15:00:13,346 - watchfiles.main - INFO - 1 change detected
2026-07-14 15:00:13,718 - watchfiles.main - INFO - 1 change detected
2026-07-14 15:00:14,079 - watchfiles.main - INFO - 1 change detected
2026-07-14 15:00:14,441 - watchfiles.main - INFO - 1 change detected
2026-07-14 15:00:14,797 - watchfiles.main - INFO - 1 change detected
2026-07-14 15:00:15,148 - watchfiles.main - INFO - 1 change detected
2026-07-14 15:00:15,504 - watchfiles.main - INFO - 1 change detected
2026-07-14 15:00:15,869 - watchfiles.main - INFO - 1 change detected
2026-07-14 15:00:16,225 - watchfiles.main - INFO - 1 change detected
2026-07-14 15:00:16,581 - watchfiles.main - INFO - 1 change detected
2026-07-14 15:00:16,946 - watchfiles.main - INFO - 1 change detected
2026-07-14 15:00:17,298 - watchfiles.main - INFO - 1 change detected
2026-07-14 15:00:17,652 - watchfiles.main - INFO - 1 change detected
2026-07-14 15:00:18,006 - watchfiles.main - INFO - 1 change detected
2026-07-14 15:00:18,365 - watchfiles.main - INFO - 1 change detected
2026-07-14 15:00:18,723 - watchfiles.main - INFO - 1 change detected
2026-07-14 15:00:19,080 - watchfiles.main - INFO - 1 change detected
2026-07-14 15:00:19,438 - watchfiles.main - INFO - 1 change detected
2026-07-14 15:00:19,793 - watchfiles.main - INFO - 1 change detected
2026-07-14 15:00:20,154 - watchfiles.main - INFO - 1 change detected
2026-07-14 15:00:20,513 - watchfiles.main - INFO - 1 change detected
2026-07-14 15:00:20,873 - watchfiles.main - INFO - 1 change detected
2026-07-14 15:00:21,229 - watchfiles.main - INFO - 1 change detected
2026-07-14 15:00:21,586 - watchfiles.main - INFO - 1 change detected
2026-07-14 15:00:21,952 - watchfiles.main - INFO - 1 change detected
2026-07-14 15:00:22,319 - watchfiles.main - INFO - 1 change detected
2026-07-14 15:00:22,680 - watchfiles.main - INFO - 1 change detected
2026-07-14 15:00:23,040 - watchfiles.main - INFO - 1 change detected
2026-07-14 15:00:23,395 - watchfiles.main - INFO - 1 change detected
2026-07-14 15:00:23,751 - watchfiles.main - INFO - 1 change detected
2026-07-14 15:00:24,105 - watchfiles.main - INFO - 1 change detected
2026-07-14 15:00:24,463 - watchfiles.main - INFO - 1 change detected
2026-07-14 15:00:24,818 - watchfiles.main - INFO - 1 change detected
2026-07-14 15:00:25,175 - watchfiles.main - INFO - 1 change detected
2026-07-14 15:00:25,536 - watchfiles.main - INFO - 1 change detected
2026-07-14 15:00:25,891 - watchfiles.main - INFO - 1 change detected
2026-07-14 15:00:26,251 - watchfiles.main - INFO - 1 change detected
2026-07-14 15:00:26,608 - watchfiles.main - INFO - 1 change detected
2026-07-14 15:00:26,965 - watchfiles.main - INFO - 1 change detected
2026-07-14 15:00:27,325 - watchfiles.main - INFO - 1 change detected
2026-07-14 15:00:27,684 - watchfiles.main - INFO - 1 change detected
2026-07-14 15:00:28,043 - watchfiles.main - INFO - 1 change detected
2026-07-14 15:00:28,402 - watchfiles.main - INFO - 1 change detected
2026-07-14 15:00:28,766 - watchfiles.main - INFO - 1 change detected
2026-07-14 15:00:29,131 - watchfiles.main - INFO - 1 change detected
2026-07-14 15:00:29,489 - watchfiles.main - INFO - 1 change detected
2026-07-14 15:00:29,843 - watchfiles.main - INFO - 1 change detected
2026-07-14 15:00:30,205 - watchfiles.main - INFO - 1 change detected
2026-07-14 15:00:30,564 - watchfiles.main - INFO - 1 change detected
2026-07-14 15:00:30,920 - watchfiles.main - INFO - 1 change detected
2026-07-14 15:00:31,278 - watchfiles.main - INFO - 1 change detected
2026-07-14 15:00:31,639 - watchfiles.main - INFO - 1 change detected
2026-07-14 15:00:31,997 - watchfiles.main - INFO - 1 change detected
2026-07-14 15:00:32,373 - watchfiles.main - INFO - 1 change detected
2026-07-14 15:00:32,732 - watchfiles.main - INFO - 1 change detected
2026-07-14 15:00:33,089 - watchfiles.main - INFO - 1 change detected
2026-07-14 15:00:33,451 - watchfiles.main - INFO - 1 change detected
2026-07-14 15:00:33,810 - watchfiles.main - INFO - 1 change detected
2026-07-14 15:00:34,172 - watchfiles.main - INFO - 1 change detected
2026-07-14 15:00:34,527 - watchfiles.main - INFO - 1 change detected
2026-07-14 15:00:34,880 - watchfiles.main - INFO - 1 change detected
2026-07-14 15:00:35,240 - watchfiles.main - INFO - 1 change detected
2026-07-14 15:00:35,601 - watchfiles.main - INFO - 1 change detected
2026-07-14 15:00:35,959 - watchfiles.main - INFO - 1 change detected
2026-07-14 15:00:36,321 - watchfiles.main - INFO - 1 change detected
2026-07-14 15:00:36,679 - watchfiles.main - INFO - 1 change detected
2026-07-14 15:00:37,039 - watchfiles.main - INFO - 1 change detected
2026-07-14 15:00:37,398 - watchfiles.main - INFO - 1 change detected
2026-07-14 15:00:37,762 - watchfiles.main - INFO - 1 change detected
2026-07-14 15:00:38,122 - watchfiles.main - INFO - 1 change detected
2026-07-14 15:00:38,501 - watchfiles.main - INFO - 1 change detected
2026-07-14 15:00:38,864 - watchfiles.main - INFO - 1 change detected
2026-07-14 15:00:39,222 - watchfiles.main - INFO - 1 change detected
2026-07-14 15:00:39,576 - watchfiles.main - INFO - 1 change detected
2026-07-14 15:00:39,930 - watchfiles.main - INFO - 1 change detected
2026-07-14 15:00:40,288 - watchfiles.main - INFO - 1 change detected
2026-07-14 15:00:40,641 - watchfiles.main - INFO - 1 change detected
2026-07-14 15:00:40,994 - watchfiles.main - INFO - 1 change detected
2026-07-14 15:00:41,347 - watchfiles.main - INFO - 1 change detected
2026-07-14 15:00:41,703 - watchfiles.main - INFO - 1 change detected
2026-07-14 15:00:42,063 - watchfiles.main - INFO - 1 change detected
2026-07-14 15:00:42,422 - watchfiles.main - INFO - 1 change detected
2026-07-14 15:00:42,775 - watchfiles.main - INFO - 1 change detected
2026-07-14 15:00:43,142 - watchfiles.main - INFO - 1 change detected
2026-07-14 15:00:43,496 - watchfiles.main - INFO - 1 change detected
2026-07-14 15:00:43,868 - watchfiles.main - INFO - 1 change detected
2026-07-14 15:00:44,241 - watchfiles.main - INFO - 1 change detected
2026-07-14 15:00:44,602 - watchfiles.main - INFO - 1 change detected
2026-07-14 15:00:44,955 - watchfiles.main - INFO - 1 change detected
2026-07-14 15:00:45,321 - watchfiles.main - INFO - 1 change detected
2026-07-14 15:00:45,674 - watchfiles.main - INFO - 1 change detected
2026-07-14 15:00:46,041 - watchfiles.main - INFO - 1 change detected
2026-07-14 15:00:46,396 - watchfiles.main - INFO - 1 change detected
2026-07-14 15:00:46,762 - watchfiles.main - INFO - 1 change detected
2026-07-14 15:00:47,124 - watchfiles.main - INFO - 1 change detected
2026-07-14 15:00:47,480 - watchfiles.main - INFO - 1 change detected
2026-07-14 15:00:47,841 - watchfiles.main - INFO - 1 change detected
2026-07-14 15:00:48,201 - watchfiles.main - INFO - 1 change detected
2026-07-14 15:00:48,563 - watchfiles.main - INFO - 1 change detected
2026-07-14 15:00:48,921 - watchfiles.main - INFO - 1 change detected
2026-07-14 15:00:49,276 - watchfiles.main - INFO - 1 change detected
2026-07-14 15:00:49,636 - watchfiles.main - INFO - 1 change detected
2026-07-14 15:00:49,994 - watchfiles.main - INFO - 1 change detected
2026-07-14 15:00:50,351 - watchfiles.main - INFO - 1 change detected
2026-07-14 15:00:50,710 - watchfiles.main - INFO - 1 change detected
2026-07-14 15:00:51,070 - watchfiles.main - INFO - 1 change detected
2026-07-14 15:00:51,438 - watchfiles.main - INFO - 1 change detected
2026-07-14 15:00:51,789 - watchfiles.main - INFO - 1 change detected
2026-07-14 15:00:52,147 - watchfiles.main - INFO - 1 change detected
2026-07-14 15:00:52,507 - watchfiles.main - INFO - 1 change detected
2026-07-14 15:00:52,867 - watchfiles.main - INFO - 1 change detected
2026-07-14 15:00:53,223 - watchfiles.main - INFO - 1 change detected
2026-07-14 15:00:53,582 - watchfiles.main - INFO - 1 change detected
2026-07-14 15:00:53,939 - watchfiles.main - INFO - 1 change detected
2026-07-14 15:00:54,300 - watchfiles.main - INFO - 1 change detected
2026-07-14 15:00:54,655 - watchfiles.main - INFO - 1 change detected
2026-07-14 15:00:55,020 - watchfiles.main - INFO - 1 change detected
2026-07-14 15:00:55,395 - watchfiles.main - INFO - 1 change detected
2026-07-14 15:00:55,771 - watchfiles.main - INFO - 1 change detected
2026-07-14 15:00:56,129 - watchfiles.main - INFO - 1 change detected
2026-07-14 15:00:56,489 - watchfiles.main - INFO - 1 change detected
2026-07-14 15:00:56,852 - watchfiles.main - INFO - 1 change detected
2026-07-14 15:00:57,205 - watchfiles.main - INFO - 1 change detected
2026-07-14 15:00:57,569 - watchfiles.main - INFO - 1 change detected
2026-07-14 15:00:57,921 - watchfiles.main - INFO - 1 change detected
2026-07-14 15:00:58,280 - watchfiles.main - INFO - 1 change detected
2026-07-14 15:00:58,635 - watchfiles.main - INFO - 1 change detected
2026-07-14 15:00:58,989 - watchfiles.main - INFO - 1 change detected
2026-07-14 15:00:59,351 - watchfiles.main - INFO - 1 change detected
2026-07-14 15:00:59,707 - watchfiles.main - INFO - 1 change detected
2026-07-14 15:01:00,064 - watchfiles.main - INFO - 1 change detected
2026-07-14 15:01:00,422 - watchfiles.main - INFO - 1 change detected
2026-07-14 15:01:00,775 - watchfiles.main - INFO - 1 change detected
2026-07-14 15:01:01,137 - watchfiles.main - INFO - 1 change detected
2026-07-14 15:01:01,495 - watchfiles.main - INFO - 1 change detected
2026-07-14 15:01:01,853 - watchfiles.main - INFO - 1 change detected
2026-07-14 15:01:02,213 - watchfiles.main - INFO - 1 change detected
2026-07-14 15:01:02,571 - watchfiles.main - INFO - 1 change detected
2026-07-14 15:01:02,932 - watchfiles.main - INFO - 1 change detected
2026-07-14 15:01:03,293 - watchfiles.main - INFO - 1 change detected
2026-07-14 15:01:03,651 - watchfiles.main - INFO - 1 change detected
2026-07-14 15:01:04,006 - watchfiles.main - INFO - 1 change detected
2026-07-14 15:01:04,373 - watchfiles.main - INFO - 1 change detected
2026-07-14 15:01:04,730 - watchfiles.main - INFO - 1 change detected
2026-07-14 15:01:05,082 - watchfiles.main - INFO - 1 change detected
2026-07-14 15:01:05,441 - watchfiles.main - INFO - 1 change detected
2026-07-14 15:01:05,799 - watchfiles.main - INFO - 1 change detected
2026-07-14 15:01:06,156 - watchfiles.main - INFO - 1 change detected
2026-07-14 15:01:06,515 - watchfiles.main - INFO - 1 change detected
2026-07-14 15:01:06,873 - watchfiles.main - INFO - 1 change detected
2026-07-14 15:01:07,229 - watchfiles.main - INFO - 1 change detected
2026-07-14 15:01:07,589 - watchfiles.main - INFO - 1 change detected
2026-07-14 15:01:07,945 - watchfiles.main - INFO - 1 change detected
2026-07-14 15:01:08,302 - watchfiles.main - INFO - 1 change detected
2026-07-14 15:01:08,663 - watchfiles.main - INFO - 1 change detected
2026-07-14 15:01:09,026 - watchfiles.main - INFO - 1 change detected
2026-07-14 15:01:09,384 - watchfiles.main - INFO - 1 change detected
2026-07-14 15:01:09,745 - watchfiles.main - INFO - 1 change detected
2026-07-14 15:01:10,102 - watchfiles.main - INFO - 1 change detected
2026-07-14 15:01:10,459 - watchfiles.main - INFO - 1 change detected
2026-07-14 15:01:10,817 - watchfiles.main - INFO - 1 change detected
2026-07-14 15:01:11,178 - watchfiles.main - INFO - 1 change detected
2026-07-14 15:01:11,536 - watchfiles.main - INFO - 1 change detected
2026-07-14 15:01:11,893 - watchfiles.main - INFO - 1 change detected
2026-07-14 15:01:12,254 - watchfiles.main - INFO - 1 change detected
2026-07-14 15:01:12,613 - watchfiles.main - INFO - 1 change detected
2026-07-14 15:01:12,972 - watchfiles.main - INFO - 1 change detected
2026-07-14 15:01:13,332 - watchfiles.main - INFO - 1 change detected
2026-07-14 15:01:13,692 - watchfiles.main - INFO - 1 change detected
2026-07-14 15:01:14,052 - watchfiles.main - INFO - 1 change detected
2026-07-14 15:01:14,411 - watchfiles.main - INFO - 1 change detected
2026-07-14 15:01:14,771 - watchfiles.main - INFO - 1 change detected
2026-07-14 15:01:15,081 - main - INFO - Listando tasaciones para usuario: 1, estado: None
2026-07-14 15:01:15,129 - watchfiles.main - INFO - 1 change detected
2026-07-14 15:01:15,438 - main - INFO - Listando tasaciones para usuario: 1, estado: None
2026-07-14 15:01:15,488 - watchfiles.main - INFO - 2 changes detected
2026-07-14 15:01:15,811 - main - INFO - Listando tasaciones para usuario: 1, estado: None
2026-07-14 15:01:15,848 - watchfiles.main - INFO - 2 changes detected
2026-07-14 15:01:16,205 - watchfiles.main - INFO - 2 changes detected
2026-07-14 15:01:16,217 - main - INFO - Listando tasaciones para usuario: 1, estado: None
2026-07-14 15:01:16,568 - watchfiles.main - INFO - 2 changes detected
2026-07-14 15:01:16,624 - main - INFO - Listando tasaciones para usuario: 1, estado: None
2026-07-14 15:01:16,925 - watchfiles.main - INFO - 2 changes detected
2026-07-14 15:01:17,084 - main - INFO - Listando tasaciones para usuario: 1, estado: None
2026-07-14 15:01:17,280 - watchfiles.main - INFO - 2 changes detected
2026-07-14 15:01:17,331 - main - INFO - Listando tasaciones para usuario: 1, estado: None
2026-07-14 15:01:17,638 - watchfiles.main - INFO - 2 changes detected
2026-07-14 15:01:17,723 - main - INFO - Listando tasaciones para usuario: 1, estado: None
2026-07-14 15:01:17,999 - watchfiles.main - INFO - 2 changes detected
2026-07-14 15:01:18,033 - main - INFO - Listando tasaciones para usuario: 1, estado: None
2026-07-14 15:01:18,358 - watchfiles.main - INFO - 2 changes detected
2026-07-14 15:01:18,446 - main - INFO - Listando tasaciones para usuario: 1, estado: None
2026-07-14 15:01:18,715 - watchfiles.main - INFO - 2 changes detected
2026-07-14 15:01:18,758 - main - INFO - Listando tasaciones para usuario: 1, estado: None
2026-07-14 15:01:19,070 - watchfiles.main - INFO - 2 changes detected
2026-07-14 15:01:19,138 - main - INFO - Listando tasaciones para usuario: 1, estado: None
2026-07-14 15:01:19,428 - watchfiles.main - INFO - 2 changes detected
2026-07-14 15:01:19,552 - main - INFO - Listando tasaciones para usuario: 1, estado: None
2026-07-14 15:01:19,783 - watchfiles.main - INFO - 2 changes detected
2026-07-14 15:01:19,828 - main - INFO - Listando tasaciones para usuario: 1, estado: None
2026-07-14 15:01:20,140 - watchfiles.main - INFO - 2 changes detected
2026-07-14 15:01:20,307 - main - INFO - Listando tasaciones para usuario: 1, estado: None
2026-07-14 15:01:20,500 - watchfiles.main - INFO - 1 change detected
2026-07-14 15:01:20,580 - main - INFO - Listando tasaciones para usuario: 1, estado: None
2026-07-14 15:01:20,862 - watchfiles.main - INFO - 2 changes detected
2026-07-14 15:01:20,943 - main - INFO - Listando tasaciones para usuario: 1, estado: None
2026-07-14 15:01:21,221 - watchfiles.main - INFO - 2 changes detected
2026-07-14 15:01:21,353 - main - INFO - Listando tasaciones para usuario: 1, estado: None
2026-07-14 15:01:21,580 - watchfiles.main - INFO - 2 changes detected
2026-07-14 15:01:21,638 - main - INFO - Listando tasaciones para usuario: 1, estado: None
2026-07-14 15:01:21,936 - watchfiles.main - INFO - 2 changes detected
2026-07-14 15:01:21,998 - main - INFO - Listando tasaciones para usuario: 1, estado: None
2026-07-14 15:01:22,295 - watchfiles.main - INFO - 2 changes detected
2026-07-14 15:01:22,407 - main - INFO - Listando tasaciones para usuario: 1, estado: None
2026-07-14 15:01:22,654 - watchfiles.main - INFO - 2 changes detected
2026-07-14 15:01:22,746 - main - INFO - Listando tasaciones para usuario: 1, estado: None
2026-07-14 15:01:23,009 - watchfiles.main - INFO - 2 changes detected
2026-07-14 15:01:23,095 - main - INFO - Listando tasaciones para usuario: 1, estado: None
2026-07-14 15:01:23,369 - watchfiles.main - INFO - 2 changes detected
2026-07-14 15:01:23,411 - main - INFO - Listando tasaciones para usuario: 1, estado: None
2026-07-14 15:01:23,729 - watchfiles.main - INFO - 2 changes detected
2026-07-14 15:01:23,789 - main - INFO - Listando tasaciones para usuario: 1, estado: None
2026-07-14 15:01:24,089 - watchfiles.main - INFO - 2 changes detected
2026-07-14 15:01:24,239 - main - INFO - Listando tasaciones para usuario: 1, estado: None
2026-07-14 15:01:24,447 - watchfiles.main - INFO - 2 changes detected
2026-07-14 15:01:24,535 - main - INFO - Listando tasaciones para usuario: 1, estado: None
2026-07-14 15:01:24,807 - watchfiles.main - INFO - 2 changes detected
2026-07-14 15:01:24,853 - main - INFO - Listando tasaciones para usuario: 1, estado: None
2026-07-14 15:01:25,163 - watchfiles.main - INFO - 2 changes detected
2026-07-14 15:01:25,197 - main - INFO - Listando tasaciones para usuario: 1, estado: None
2026-07-14 15:01:25,522 - watchfiles.main - INFO - 2 changes detected
2026-07-14 15:01:25,882 - watchfiles.main - INFO - 1 change detected
2026-07-14 15:01:26,242 - watchfiles.main - INFO - 1 change detected
2026-07-14 15:01:26,607 - watchfiles.main - INFO - 1 change detected
2026-07-14 15:01:26,971 - watchfiles.main - INFO - 1 change detected
2026-07-14 15:01:27,335 - watchfiles.main - INFO - 1 change detected
2026-07-14 15:01:27,700 - watchfiles.main - INFO - 1 change detected
2026-07-14 15:01:28,067 - watchfiles.main - INFO - 1 change detected
2026-07-14 15:01:28,419 - watchfiles.main - INFO - 1 change detected
2026-07-14 15:01:28,772 - watchfiles.main - INFO - 1 change detected
2026-07-14 15:01:29,127 - watchfiles.main - INFO - 1 change detected
2026-07-14 15:01:29,489 - watchfiles.main - INFO - 1 change detected
2026-07-14 15:01:29,848 - watchfiles.main - INFO - 1 change detected
2026-07-14 15:01:30,206 - watchfiles.main - INFO - 1 change detected
2026-07-14 15:01:30,565 - watchfiles.main - INFO - 1 change detected
2026-07-14 15:01:30,925 - watchfiles.main - INFO - 1 change detected
2026-07-14 15:01:31,285 - watchfiles.main - INFO - 1 change detected
2026-07-14 15:01:31,642 - watchfiles.main - INFO - 1 change detected
2026-07-14 15:01:32,002 - watchfiles.main - INFO - 1 change detected
2026-07-14 15:01:32,358 - watchfiles.main - INFO - 1 change detected
2026-07-14 15:01:32,716 - watchfiles.main - INFO - 1 change detected
2026-07-14 15:01:33,072 - watchfiles.main - INFO - 1 change detected
2026-07-14 15:01:33,431 - watchfiles.main - INFO - 1 change detected
2026-07-14 15:01:33,792 - watchfiles.main - INFO - 1 change detected
2026-07-14 15:01:34,151 - watchfiles.main - INFO - 1 change detected
2026-07-14 15:01:34,509 - watchfiles.main - INFO - 1 change detected
2026-07-14 15:01:34,869 - watchfiles.main - INFO - 1 change detected
2026-07-14 15:01:35,227 - watchfiles.main - INFO - 1 change detected
2026-07-14 15:01:35,584 - watchfiles.main - INFO - 1 change detected
2026-07-14 15:01:35,960 - watchfiles.main - INFO - 1 change detected
2026-07-14 15:01:36,350 - watchfiles.main - INFO - 1 change detected
2026-07-14 15:01:36,710 - watchfiles.main - INFO - 1 change detected
2026-07-14 15:01:37,067 - watchfiles.main - INFO - 1 change detected
2026-07-14 15:01:37,429 - watchfiles.main - INFO - 1 change detected
2026-07-14 15:01:37,790 - watchfiles.main - INFO - 1 change detected
2026-07-14 15:01:38,148 - watchfiles.main - INFO - 1 change detected
2026-07-14 15:01:38,507 - watchfiles.main - INFO - 1 change detected
2026-07-14 15:01:38,865 - watchfiles.main - INFO - 1 change detected
2026-07-14 15:01:39,224 - watchfiles.main - INFO - 1 change detected
2026-07-14 15:01:39,584 - watchfiles.main - INFO - 1 change detected
2026-07-14 15:01:39,941 - watchfiles.main - INFO - 1 change detected
2026-07-14 15:01:40,301 - watchfiles.main - INFO - 1 change detected
2026-07-14 15:01:40,660 - watchfiles.main - INFO - 1 change detected
2026-07-14 15:01:41,019 - watchfiles.main - INFO - 1 change detected
2026-07-14 15:01:41,377 - watchfiles.main - INFO - 1 change detected
2026-07-14 15:01:41,735 - watchfiles.main - INFO - 1 change detected
2026-07-14 15:01:42,094 - watchfiles.main - INFO - 1 change detected
2026-07-14 15:01:42,455 - watchfiles.main - INFO - 1 change detected
2026-07-14 15:01:42,811 - watchfiles.main - INFO - 1 change detected
2026-07-14 15:01:43,172 - watchfiles.main - INFO - 1 change detected
2026-07-14 15:01:43,532 - watchfiles.main - INFO - 1 change detected
2026-07-14 15:01:43,890 - watchfiles.main - INFO - 1 change detected
2026-07-14 15:01:44,251 - watchfiles.main - INFO - 1 change detected
2026-07-14 15:01:44,610 - watchfiles.main - INFO - 1 change detected
2026-07-14 15:01:44,964 - watchfiles.main - INFO - 1 change detected
2026-07-14 15:01:45,328 - watchfiles.main - INFO - 1 change detected
2026-07-14 15:01:45,688 - watchfiles.main - INFO - 1 change detected
2026-07-14 15:01:46,045 - watchfiles.main - INFO - 1 change detected
2026-07-14 15:01:46,397 - watchfiles.main - INFO - 1 change detected
2026-07-14 15:01:46,753 - watchfiles.main - INFO - 1 change detected
2026-07-14 15:01:47,116 - watchfiles.main - INFO - 1 change detected
2026-07-14 15:01:47,477 - watchfiles.main - INFO - 1 change detected
2026-07-14 15:01:47,835 - watchfiles.main - INFO - 1 change detected
2026-07-14 15:01:48,190 - watchfiles.main - INFO - 1 change detected
2026-07-14 15:01:48,549 - watchfiles.main - INFO - 1 change detected
2026-07-14 15:01:48,907 - watchfiles.main - INFO - 1 change detected
2026-07-14 15:01:49,274 - watchfiles.main - INFO - 1 change detected
2026-07-14 15:01:49,632 - watchfiles.main - INFO - 1 change detected
2026-07-14 15:01:49,983 - watchfiles.main - INFO - 1 change detected
2026-07-14 15:01:50,346 - watchfiles.main - INFO - 1 change detected
2026-07-14 15:01:50,705 - watchfiles.main - INFO - 1 change detected
2026-07-14 15:01:51,073 - watchfiles.main - INFO - 1 change detected
2026-07-14 15:01:51,434 - watchfiles.main - INFO - 1 change detected
2026-07-14 15:01:51,807 - watchfiles.main - INFO - 1 change detected
2026-07-14 15:01:52,170 - watchfiles.main - INFO - 1 change detected
2026-07-14 15:01:52,531 - watchfiles.main - INFO - 1 change detected
2026-07-14 15:01:52,890 - watchfiles.main - INFO - 1 change detected
2026-07-14 15:01:53,243 - watchfiles.main - INFO - 1 change detected
2026-07-14 15:01:53,596 - watchfiles.main - INFO - 1 change detected
2026-07-14 15:01:53,960 - watchfiles.main - INFO - 1 change detected
2026-07-14 15:01:54,326 - watchfiles.main - INFO - 1 change detected
2026-07-14 15:01:54,687 - watchfiles.main - INFO - 1 change detected
2026-07-14 15:01:55,053 - watchfiles.main - INFO - 1 change detected
2026-07-14 15:01:55,413 - watchfiles.main - INFO - 1 change detected
2026-07-14 15:01:55,772 - watchfiles.main - INFO - 1 change detected
2026-07-14 15:01:56,132 - watchfiles.main - INFO - 1 change detected
2026-07-14 15:01:56,491 - watchfiles.main - INFO - 1 change detected
2026-07-14 15:01:56,848 - watchfiles.main - INFO - 1 change detected
2026-07-14 15:01:57,208 - watchfiles.main - INFO - 1 change detected
2026-07-14 15:01:57,566 - watchfiles.main - INFO - 1 change detected
2026-07-14 15:01:57,953 - watchfiles.main - INFO - 1 change detected
2026-07-14 15:01:58,311 - watchfiles.main - INFO - 1 change detected
2026-07-14 15:01:58,669 - watchfiles.main - INFO - 1 change detected
2026-07-14 15:01:59,023 - watchfiles.main - INFO - 1 change detected
2026-07-14 15:01:59,388 - watchfiles.main - INFO - 1 change detected
2026-07-14 15:01:59,746 - watchfiles.main - INFO - 1 change detected
2026-07-14 15:02:00,106 - watchfiles.main - INFO - 1 change detected
2026-07-14 15:02:00,458 - watchfiles.main - INFO - 1 change detected
2026-07-14 15:02:00,814 - watchfiles.main - INFO - 1 change detected
2026-07-14 15:02:01,166 - watchfiles.main - INFO - 1 change detected
2026-07-14 15:02:01,522 - watchfiles.main - INFO - 1 change detected
2026-07-14 15:02:01,882 - watchfiles.main - INFO - 1 change detected
2026-07-14 15:02:02,241 - watchfiles.main - INFO - 1 change detected
2026-07-14 15:02:02,600 - watchfiles.main - INFO - 1 change detected
2026-07-14 15:02:02,955 - watchfiles.main - INFO - 1 change detected
2026-07-14 15:02:03,316 - watchfiles.main - INFO - 1 change detected
2026-07-14 15:02:03,683 - watchfiles.main - INFO - 1 change detected
2026-07-14 15:02:04,046 - watchfiles.main - INFO - 1 change detected
2026-07-14 15:02:04,411 - watchfiles.main - INFO - 1 change detected
2026-07-14 15:02:04,764 - watchfiles.main - INFO - 1 change detected
2026-07-14 15:02:05,116 - watchfiles.main - INFO - 1 change detected
2026-07-14 15:02:05,473 - watchfiles.main - INFO - 1 change detected
2026-07-14 15:02:05,828 - watchfiles.main - INFO - 1 change detected
2026-07-14 15:02:06,187 - watchfiles.main - INFO - 1 change detected
2026-07-14 15:02:06,546 - watchfiles.main - INFO - 1 change detected
2026-07-14 15:02:06,901 - watchfiles.main - INFO - 1 change detected
2026-07-14 15:02:07,263 - watchfiles.main - INFO - 1 change detected
2026-07-14 15:02:07,631 - watchfiles.main - INFO - 1 change detected
2026-07-14 15:02:07,995 - watchfiles.main - INFO - 1 change detected
2026-07-14 15:02:08,351 - watchfiles.main - INFO - 1 change detected
2026-07-14 15:02:08,713 - watchfiles.main - INFO - 1 change detected
2026-07-14 15:02:09,077 - watchfiles.main - INFO - 1 change detected
2026-07-14 15:02:09,433 - watchfiles.main - INFO - 1 change detected
2026-07-14 15:02:09,791 - watchfiles.main - INFO - 1 change detected
2026-07-14 15:02:10,144 - watchfiles.main - INFO - 1 change detected
2026-07-14 15:02:10,501 - watchfiles.main - INFO - 1 change detected
2026-07-14 15:02:10,860 - watchfiles.main - INFO - 1 change detected
2026-07-14 15:02:11,216 - watchfiles.main - INFO - 1 change detected
2026-07-14 15:02:11,580 - watchfiles.main - INFO - 1 change detected
2026-07-14 15:02:11,933 - watchfiles.main - INFO - 1 change detected
2026-07-14 15:02:12,296 - watchfiles.main - INFO - 1 change detected
2026-07-14 15:02:12,653 - watchfiles.main - INFO - 1 change detected
2026-07-14 15:02:13,009 - watchfiles.main - INFO - 1 change detected
2026-07-14 15:02:13,410 - watchfiles.main - INFO - 1 change detected
2026-07-14 15:02:13,769 - watchfiles.main - INFO - 1 change detected
2026-07-14 15:02:14,123 - watchfiles.main - INFO - 1 change detected
2026-07-14 15:02:14,481 - watchfiles.main - INFO - 1 change detected
2026-07-14 15:02:14,839 - watchfiles.main - INFO - 1 change detected
2026-07-14 15:02:15,196 - watchfiles.main - INFO - 1 change detected
2026-07-14 15:02:15,561 - watchfiles.main - INFO - 1 change detected
2026-07-14 15:02:15,915 - watchfiles.main - INFO - 1 change detected
2026-07-14 15:02:16,281 - watchfiles.main - INFO - 1 change detected
2026-07-14 15:02:16,647 - watchfiles.main - INFO - 1 change detected
2026-07-14 15:02:17,009 - watchfiles.main - INFO - 1 change detected
2026-07-14 15:02:17,364 - watchfiles.main - INFO - 1 change detected
2026-07-14 15:02:17,720 - watchfiles.main - INFO - 1 change detected
2026-07-14 15:02:18,078 - watchfiles.main - INFO - 1 change detected
2026-07-14 15:02:18,435 - watchfiles.main - INFO - 1 change detected
2026-07-14 15:02:18,794 - watchfiles.main - INFO - 1 change detected
2026-07-14 15:02:19,152 - watchfiles.main - INFO - 1 change detected
2026-07-14 15:02:19,508 - watchfiles.main - INFO - 1 change detected
2026-07-14 15:02:19,865 - watchfiles.main - INFO - 1 change detected
2026-07-14 15:02:20,222 - watchfiles.main - INFO - 1 change detected
2026-07-14 15:02:20,579 - watchfiles.main - INFO - 1 change detected
2026-07-14 15:02:20,935 - watchfiles.main - INFO - 1 change detected
2026-07-14 15:02:21,292 - watchfiles.main - INFO - 1 change detected
2026-07-14 15:02:21,649 - watchfiles.main - INFO - 1 change detected
2026-07-14 15:02:22,008 - watchfiles.main - INFO - 1 change detected
2026-07-14 15:02:22,362 - watchfiles.main - INFO - 1 change detected
2026-07-14 15:02:22,723 - watchfiles.main - INFO - 1 change detected
2026-07-14 15:02:23,082 - watchfiles.main - INFO - 1 change detected
2026-07-14 15:02:23,437 - watchfiles.main - INFO - 1 change detected
2026-07-14 15:02:23,797 - watchfiles.main - INFO - 1 change detected
2026-07-14 15:02:24,157 - watchfiles.main - INFO - 1 change detected
2026-07-14 15:02:24,520 - watchfiles.main - INFO - 1 change detected
2026-07-14 15:02:24,879 - watchfiles.main - INFO - 1 change detected
2026-07-14 15:02:25,230 - watchfiles.main - INFO - 1 change detected
2026-07-14 15:02:25,596 - watchfiles.main - INFO - 1 change detected
2026-07-14 15:02:25,956 - watchfiles.main - INFO - 1 change detected
2026-07-14 15:02:26,315 - watchfiles.main - INFO - 1 change detected
2026-07-14 15:02:26,674 - watchfiles.main - INFO - 1 change detected
2026-07-14 15:02:27,031 - watchfiles.main - INFO - 1 change detected
2026-07-14 15:02:27,397 - watchfiles.main - INFO - 1 change detected
2026-07-14 15:02:27,763 - watchfiles.main - INFO - 1 change detected
2026-07-14 15:02:28,121 - watchfiles.main - INFO - 1 change detected
2026-07-14 15:02:28,478 - watchfiles.main - INFO - 1 change detected
2026-07-14 15:02:28,831 - watchfiles.main - INFO - 1 change detected
2026-07-14 15:02:29,188 - watchfiles.main - INFO - 1 change detected
2026-07-14 15:02:29,555 - watchfiles.main - INFO - 1 change detected
2026-07-14 15:02:29,921 - watchfiles.main - INFO - 1 change detected
2026-07-14 15:02:30,273 - watchfiles.main - INFO - 1 change detected
2026-07-14 15:02:30,631 - watchfiles.main - INFO - 1 change detected
2026-07-14 15:02:30,995 - watchfiles.main - INFO - 1 change detected
2026-07-14 15:02:31,349 - watchfiles.main - INFO - 1 change detected
2026-07-14 15:02:31,705 - watchfiles.main - INFO - 1 change detected
2026-07-14 15:02:32,066 - watchfiles.main - INFO - 1 change detected
2026-07-14 15:02:32,424 - watchfiles.main - INFO - 1 change detected
2026-07-14 15:02:32,785 - watchfiles.main - INFO - 1 change detected
2026-07-14 15:02:33,146 - watchfiles.main - INFO - 1 change detected
2026-07-14 15:02:33,497 - watchfiles.main - INFO - 1 change detected
2026-07-14 15:02:33,856 - watchfiles.main - INFO - 1 change detected
2026-07-14 15:02:34,222 - watchfiles.main - INFO - 1 change detected
2026-07-14 15:02:34,578 - watchfiles.main - INFO - 1 change detected
2026-07-14 15:02:34,932 - watchfiles.main - INFO - 1 change detected
2026-07-14 15:02:35,297 - watchfiles.main - INFO - 1 change detected
2026-07-14 15:02:35,664 - watchfiles.main - INFO - 1 change detected
2026-07-14 15:02:36,023 - watchfiles.main - INFO - 1 change detected
2026-07-14 15:02:36,383 - watchfiles.main - INFO - 1 change detected
2026-07-14 15:02:36,739 - watchfiles.main - INFO - 1 change detected
2026-07-14 15:02:37,099 - watchfiles.main - INFO - 1 change detected
2026-07-14 15:02:37,453 - watchfiles.main - INFO - 1 change detected
2026-07-14 15:02:37,813 - watchfiles.main - INFO - 1 change detected
2026-07-14 15:02:38,170 - watchfiles.main - INFO - 1 change detected
2026-07-14 15:02:38,529 - watchfiles.main - INFO - 1 change detected
2026-07-14 15:02:38,893 - watchfiles.main - INFO - 1 change detected
2026-07-14 15:02:39,253 - watchfiles.main - INFO - 1 change detected
2026-07-14 15:02:39,628 - watchfiles.main - INFO - 1 change detected
2026-07-14 15:02:40,014 - watchfiles.main - INFO - 1 change detected
2026-07-14 15:02:40,366 - watchfiles.main - INFO - 1 change detected
2026-07-14 15:02:40,725 - watchfiles.main - INFO - 1 change detected
2026-07-14 15:02:41,080 - watchfiles.main - INFO - 1 change detected
2026-07-14 15:02:41,445 - watchfiles.main - INFO - 1 change detected
2026-07-14 15:02:41,798 - watchfiles.main - INFO - 1 change detected
2026-07-14 15:02:42,156 - watchfiles.main - INFO - 1 change detected
2026-07-14 15:02:42,514 - watchfiles.main - INFO - 1 change detected
2026-07-14 15:02:42,875 - watchfiles.main - INFO - 1 change detected
2026-07-14 15:02:43,232 - watchfiles.main - INFO - 1 change detected
2026-07-14 15:02:43,589 - watchfiles.main - INFO - 1 change detected
2026-07-14 15:02:43,948 - watchfiles.main - INFO - 1 change detected
2026-07-14 15:02:44,314 - watchfiles.main - INFO - 1 change detected
2026-07-14 15:02:44,666 - watchfiles.main - INFO - 1 change detected
2026-07-14 15:02:45,024 - watchfiles.main - INFO - 1 change detected
2026-07-14 15:02:45,385 - watchfiles.main - INFO - 1 change detected
2026-07-14 15:02:45,742 - watchfiles.main - INFO - 1 change detected
2026-07-14 15:02:46,100 - watchfiles.main - INFO - 1 change detected
2026-07-14 15:02:46,461 - watchfiles.main - INFO - 1 change detected
2026-07-14 15:02:46,821 - watchfiles.main - INFO - 1 change detected
2026-07-14 15:02:47,179 - watchfiles.main - INFO - 1 change detected
2026-07-14 15:02:47,537 - watchfiles.main - INFO - 1 change detected
2026-07-14 15:02:47,893 - watchfiles.main - INFO - 1 change detected
2026-07-14 15:02:48,247 - watchfiles.main - INFO - 1 change detected
2026-07-14 15:02:48,607 - watchfiles.main - INFO - 1 change detected
2026-07-14 15:02:48,973 - watchfiles.main - INFO - 1 change detected
2026-07-14 15:02:49,333 - watchfiles.main - INFO - 1 change detected
2026-07-14 15:02:49,693 - watchfiles.main - INFO - 1 change detected
2026-07-14 15:02:50,051 - watchfiles.main - INFO - 1 change detected
2026-07-14 15:02:50,410 - watchfiles.main - INFO - 1 change detected
2026-07-14 15:02:50,783 - watchfiles.main - INFO - 1 change detected
2026-07-14 15:02:51,139 - watchfiles.main - INFO - 1 change detected
2026-07-14 15:02:51,503 - watchfiles.main - INFO - 1 change detected
2026-07-14 15:02:51,856 - watchfiles.main - INFO - 1 change detected
2026-07-14 15:02:52,215 - watchfiles.main - INFO - 1 change detected
2026-07-14 15:02:52,573 - watchfiles.main - INFO - 1 change detected
2026-07-14 15:02:52,931 - watchfiles.main - INFO - 1 change detected
2026-07-14 15:02:53,290 - watchfiles.main - INFO - 1 change detected
2026-07-14 15:02:53,648 - watchfiles.main - INFO - 1 change detected
2026-07-14 15:02:54,032 - watchfiles.main - INFO - 1 change detected
2026-07-14 15:02:54,389 - watchfiles.main - INFO - 1 change detected
2026-07-14 15:02:54,754 - watchfiles.main - INFO - 1 change detected
2026-07-14 15:02:55,110 - watchfiles.main - INFO - 1 change detected
2026-07-14 15:02:55,476 - watchfiles.main - INFO - 1 change detected
2026-07-14 15:02:55,832 - watchfiles.main - INFO - 1 change detected
2026-07-14 15:02:56,193 - watchfiles.main - INFO - 1 change detected
2026-07-14 15:02:56,548 - watchfiles.main - INFO - 1 change detected
2026-07-14 15:02:56,906 - watchfiles.main - INFO - 1 change detected
2026-07-14 15:02:57,264 - watchfiles.main - INFO - 1 change detected
2026-07-14 15:02:57,631 - watchfiles.main - INFO - 1 change detected
2026-07-14 15:02:57,990 - watchfiles.main - INFO - 1 change detected
2026-07-14 15:02:58,346 - watchfiles.main - INFO - 1 change detected
2026-07-14 15:02:58,708 - watchfiles.main - INFO - 1 change detected
2026-07-14 15:02:59,064 - watchfiles.main - INFO - 1 change detected
2026-07-14 15:02:59,422 - watchfiles.main - INFO - 1 change detected
2026-07-14 15:02:59,774 - watchfiles.main - INFO - 1 change detected
2026-07-14 15:03:00,138 - watchfiles.main - INFO - 1 change detected
2026-07-14 15:03:00,497 - watchfiles.main - INFO - 1 change detected
2026-07-14 15:03:00,856 - watchfiles.main - INFO - 1 change detected
2026-07-14 15:03:01,221 - watchfiles.main - INFO - 1 change detected
2026-07-14 15:03:01,586 - watchfiles.main - INFO - 1 change detected
2026-07-14 15:03:01,971 - watchfiles.main - INFO - 1 change detected
2026-07-14 15:03:02,361 - watchfiles.main - INFO - 1 change detected
2026-07-14 15:03:02,714 - watchfiles.main - INFO - 1 change detected
2026-07-14 15:03:03,071 - watchfiles.main - INFO - 1 change detected
2026-07-14 15:03:03,422 - watchfiles.main - INFO - 1 change detected
2026-07-14 15:03:03,775 - watchfiles.main - INFO - 1 change detected
2026-07-14 15:03:04,132 - watchfiles.main - INFO - 1 change detected
2026-07-14 15:03:04,489 - watchfiles.main - INFO - 1 change detected
2026-07-14 15:03:04,840 - watchfiles.main - INFO - 1 change detected
2026-07-14 15:03:05,205 - watchfiles.main - INFO - 1 change detected
2026-07-14 15:03:05,564 - watchfiles.main - INFO - 1 change detected
2026-07-14 15:03:05,920 - watchfiles.main - INFO - 1 change detected
2026-07-14 15:03:06,281 - watchfiles.main - INFO - 1 change detected
2026-07-14 15:03:06,642 - watchfiles.main - INFO - 1 change detected
2026-07-14 15:03:06,999 - watchfiles.main - INFO - 1 change detected
2026-07-14 15:03:07,357 - watchfiles.main - INFO - 1 change detected
2026-07-14 15:03:07,715 - watchfiles.main - INFO - 1 change detected
2026-07-14 15:03:08,088 - watchfiles.main - INFO - 1 change detected
2026-07-14 15:03:08,447 - watchfiles.main - INFO - 1 change detected
